<?xml version="1.0" encoding="UTF-8"?>
<!-- Generated by org.testng.reporters.JUnitXMLReporter -->
<testsuite ignored="0" hostname="DESKTOP-4PMJEBG" failures="0" tests="5" name="Default test" time="12.485" errors="0" timestamp="2022-06-10T09:05:35 IST">
  <testcase classname="dataprovider.TestNgDataProvider" name="login" time="0.256"/>
  <testcase classname="dataprovider.TestNgDataProvider" name="login" time="0.223"/>
  <testcase classname="dataprovider.TestNgDataProvider" name="login" time="0.224"/>
  <testcase classname="dataprovider.TestNgDataProvider" name="login" time="0.227"/>
  <testcase classname="dataprovider.TestNgDataProvider" name="login" time="0.247"/>
</testsuite> <!-- Default test -->
