<?xml version="1.0" encoding="UTF-8"?>
<testng-results ignored="0" total="1" passed="1" failed="0" skipped="0">
  <reporter-output>
    <line>
      <![CDATA[ad]]>
    </line>
    <line>
      <![CDATA[]]>
    </line>
    <line>
      <![CDATA[]]>
    </line>
    <line>
      <![CDATA[manager]]>
    </line>
    <line>
      <![CDATA[a d]]>
    </line>
    <line>
      <![CDATA[man ager]]>
    </line>
    <line>
      <![CDATA[admin123]]>
    </line>
    <line>
      <![CDATA[manager123]]>
    </line>
    <line>
      <![CDATA[]]>
    </line>
    <line>
      <![CDATA[manager$123]]>
    </line>
    <line>
      <![CDATA[manager]]>
    </line>
    <line>
      <![CDATA[admin]]>
    </line>
    <line>
      <![CDATA[ad]]>
    </line>
    <line>
      <![CDATA[ad]]>
    </line>
    <line>
      <![CDATA[manager]]>
    </line>
    <line>
      <![CDATA[manager]]>
    </line>
    <line>
      <![CDATA[manager]]>
    </line>
    <line>
      <![CDATA[]]>
    </line>
    <line>
      <![CDATA[manager#]]>
    </line>
    <line>
      <![CDATA[ad]]>
    </line>
  </reporter-output>
  <suite started-at="2022-06-14T08:44:05 IST" name="Default suite" finished-at="2022-06-14T08:44:45 IST" duration-ms="39845">
    <groups>
    </groups>
    <test started-at="2022-06-14T08:44:05 IST" name="Default test" finished-at="2022-06-14T08:44:45 IST" duration-ms="39845">
      <class name="testpackage.TestActiTimeInvalidLogin">
        <test-method is-config="true" signature="setUp()[pri:0, instance:testpackage.TestActiTimeInvalidLogin@53976f5c]" started-at="2022-06-14T08:44:05 IST" name="setUp" finished-at="2022-06-14T08:44:21 IST" duration-ms="15790" status="PASS">
          <reporter-output>
          </reporter-output>
        </test-method> <!-- setUp -->
        <test-method signature="actitimeinvalidLogin()[pri:0, instance:testpackage.TestActiTimeInvalidLogin@53976f5c]" started-at="2022-06-14T08:44:21 IST" name="actitimeinvalidLogin" finished-at="2022-06-14T08:44:45 IST" duration-ms="23757" status="PASS">
          <reporter-output>
            <line>
              <![CDATA[ad]]>
            </line>
            <line>
              <![CDATA[]]>
            </line>
            <line>
              <![CDATA[]]>
            </line>
            <line>
              <![CDATA[manager]]>
            </line>
            <line>
              <![CDATA[a d]]>
            </line>
            <line>
              <![CDATA[man ager]]>
            </line>
            <line>
              <![CDATA[admin123]]>
            </line>
            <line>
              <![CDATA[manager123]]>
            </line>
            <line>
              <![CDATA[]]>
            </line>
            <line>
              <![CDATA[manager$123]]>
            </line>
            <line>
              <![CDATA[manager]]>
            </line>
            <line>
              <![CDATA[admin]]>
            </line>
            <line>
              <![CDATA[ad]]>
            </line>
            <line>
              <![CDATA[ad]]>
            </line>
            <line>
              <![CDATA[manager]]>
            </line>
            <line>
              <![CDATA[manager]]>
            </line>
            <line>
              <![CDATA[manager]]>
            </line>
            <line>
              <![CDATA[]]>
            </line>
            <line>
              <![CDATA[manager#]]>
            </line>
            <line>
              <![CDATA[ad]]>
            </line>
          </reporter-output>
        </test-method> <!-- actitimeinvalidLogin -->
        <test-method is-config="true" signature="tearDown()[pri:0, instance:testpackage.TestActiTimeInvalidLogin@53976f5c]" started-at="2022-06-14T08:44:45 IST" name="tearDown" finished-at="2022-06-14T08:44:45 IST" duration-ms="234" status="PASS">
          <reporter-output>
          </reporter-output>
        </test-method> <!-- tearDown -->
      </class> <!-- testpackage.TestActiTimeInvalidLogin -->
    </test> <!-- Default test -->
  </suite> <!-- Default suite -->
</testng-results>
