<?xml version="1.0" encoding="UTF-8"?>
<testng-results ignored="0" total="5" passed="5" failed="0" skipped="0">
  <reporter-output>
  </reporter-output>
  <suite started-at="2022-06-10T09:05:22 IST" name="Default suite" finished-at="2022-06-10T09:05:35 IST" duration-ms="12485">
    <groups>
    </groups>
    <test started-at="2022-06-10T09:05:22 IST" name="Default test" finished-at="2022-06-10T09:05:35 IST" duration-ms="12485">
      <class name="dataprovider.TestNgDataProvider">
        <test-method is-config="true" signature="setUp()[pri:0, instance:dataprovider.TestNgDataProvider@cad498c]" started-at="2022-06-10T09:05:22 IST" name="setUp" finished-at="2022-06-10T09:05:25 IST" duration-ms="2620" status="PASS">
          <reporter-output>
          </reporter-output>
        </test-method> <!-- setUp -->
        <test-method signature="login(java.lang.String,java.lang.String)[pri:0, instance:dataprovider.TestNgDataProvider@cad498c]" started-at="2022-06-10T09:05:25 IST" name="login" data-provider="actitTimeLogin" finished-at="2022-06-10T09:05:25 IST" duration-ms="256" status="PASS">
          <params>
            <param index="0">
              <value>
                <![CDATA[admin]]>
              </value>
            </param>
            <param index="1">
              <value>
                <![CDATA[mana ger]]>
              </value>
            </param>
          </params>
          <reporter-output>
          </reporter-output>
        </test-method> <!-- login -->
        <test-method is-config="true" signature="tearDown()[pri:0, instance:dataprovider.TestNgDataProvider@cad498c]" started-at="2022-06-10T09:05:25 IST" name="tearDown" finished-at="2022-06-10T09:05:26 IST" duration-ms="401" status="PASS">
          <reporter-output>
          </reporter-output>
        </test-method> <!-- tearDown -->
        <test-method is-config="true" signature="setUp()[pri:0, instance:dataprovider.TestNgDataProvider@cad498c]" started-at="2022-06-10T09:05:26 IST" name="setUp" finished-at="2022-06-10T09:05:27 IST" duration-ms="1601" status="PASS">
          <reporter-output>
          </reporter-output>
        </test-method> <!-- setUp -->
        <test-method signature="login(java.lang.String,java.lang.String)[pri:0, instance:dataprovider.TestNgDataProvider@cad498c]" started-at="2022-06-10T09:05:27 IST" name="login" data-provider="actitTimeLogin" finished-at="2022-06-10T09:05:28 IST" duration-ms="223" status="PASS">
          <params>
            <param index="0">
              <value>
                <![CDATA[admin]]>
              </value>
            </param>
            <param index="1">
              <value>
                <![CDATA[mana ger]]>
              </value>
            </param>
          </params>
          <reporter-output>
          </reporter-output>
        </test-method> <!-- login -->
        <test-method is-config="true" signature="tearDown()[pri:0, instance:dataprovider.TestNgDataProvider@cad498c]" started-at="2022-06-10T09:05:28 IST" name="tearDown" finished-at="2022-06-10T09:05:28 IST" duration-ms="398" status="PASS">
          <reporter-output>
          </reporter-output>
        </test-method> <!-- tearDown -->
        <test-method is-config="true" signature="setUp()[pri:0, instance:dataprovider.TestNgDataProvider@cad498c]" started-at="2022-06-10T09:05:28 IST" name="setUp" finished-at="2022-06-10T09:05:30 IST" duration-ms="1683" status="PASS">
          <reporter-output>
          </reporter-output>
        </test-method> <!-- setUp -->
        <test-method signature="login(java.lang.String,java.lang.String)[pri:0, instance:dataprovider.TestNgDataProvider@cad498c]" started-at="2022-06-10T09:05:30 IST" name="login" data-provider="actitTimeLogin" finished-at="2022-06-10T09:05:30 IST" duration-ms="224" status="PASS">
          <params>
            <param index="0">
              <value>
                <![CDATA[admin]]>
              </value>
            </param>
            <param index="1">
              <value>
                <![CDATA[mana ger]]>
              </value>
            </param>
          </params>
          <reporter-output>
          </reporter-output>
        </test-method> <!-- login -->
        <test-method is-config="true" signature="tearDown()[pri:0, instance:dataprovider.TestNgDataProvider@cad498c]" started-at="2022-06-10T09:05:30 IST" name="tearDown" finished-at="2022-06-10T09:05:30 IST" duration-ms="367" status="PASS">
          <reporter-output>
          </reporter-output>
        </test-method> <!-- tearDown -->
        <test-method is-config="true" signature="setUp()[pri:0, instance:dataprovider.TestNgDataProvider@cad498c]" started-at="2022-06-10T09:05:30 IST" name="setUp" finished-at="2022-06-10T09:05:32 IST" duration-ms="1607" status="PASS">
          <reporter-output>
          </reporter-output>
        </test-method> <!-- setUp -->
        <test-method signature="login(java.lang.String,java.lang.String)[pri:0, instance:dataprovider.TestNgDataProvider@cad498c]" started-at="2022-06-10T09:05:32 IST" name="login" data-provider="actitTimeLogin" finished-at="2022-06-10T09:05:32 IST" duration-ms="227" status="PASS">
          <params>
            <param index="0">
              <value>
                <![CDATA[admin]]>
              </value>
            </param>
            <param index="1">
              <value>
                <![CDATA[mana ger]]>
              </value>
            </param>
          </params>
          <reporter-output>
          </reporter-output>
        </test-method> <!-- login -->
        <test-method is-config="true" signature="tearDown()[pri:0, instance:dataprovider.TestNgDataProvider@cad498c]" started-at="2022-06-10T09:05:32 IST" name="tearDown" finished-at="2022-06-10T09:05:32 IST" duration-ms="441" status="PASS">
          <reporter-output>
          </reporter-output>
        </test-method> <!-- tearDown -->
        <test-method is-config="true" signature="setUp()[pri:0, instance:dataprovider.TestNgDataProvider@cad498c]" started-at="2022-06-10T09:05:32 IST" name="setUp" finished-at="2022-06-10T09:05:34 IST" duration-ms="1813" status="PASS">
          <reporter-output>
          </reporter-output>
        </test-method> <!-- setUp -->
        <test-method signature="login(java.lang.String,java.lang.String)[pri:0, instance:dataprovider.TestNgDataProvider@cad498c]" started-at="2022-06-10T09:05:34 IST" name="login" data-provider="actitTimeLogin" finished-at="2022-06-10T09:05:35 IST" duration-ms="247" status="PASS">
          <params>
            <param index="0">
              <value>
                <![CDATA[admin]]>
              </value>
            </param>
            <param index="1">
              <value>
                <![CDATA[mana ger]]>
              </value>
            </param>
          </params>
          <reporter-output>
          </reporter-output>
        </test-method> <!-- login -->
        <test-method is-config="true" signature="tearDown()[pri:0, instance:dataprovider.TestNgDataProvider@cad498c]" started-at="2022-06-10T09:05:35 IST" name="tearDown" finished-at="2022-06-10T09:05:35 IST" duration-ms="308" status="PASS">
          <reporter-output>
          </reporter-output>
        </test-method> <!-- tearDown -->
      </class> <!-- dataprovider.TestNgDataProvider -->
    </test> <!-- Default test -->
  </suite> <!-- Default suite -->
</testng-results>
