<?xml version="1.0" encoding="UTF-8"?>
<!-- Generated by org.testng.reporters.JUnitXMLReporter -->
<testsuite ignored="0" hostname="DESKTOP-4PMJEBG" failures="1" tests="1" name="actitmelogin" time="10.813" errors="0" timestamp="2022-06-06T12:05:54 IST">
  <testcase classname="testng_Flags.ParameterAnnotation" name="loginActitime" time="10.785">
    <failure type="org.openqa.selenium.WebDriverException" message="TypeError: browsingContext.currentWindowGlobal is null
Build info: version: &amp;apos;4.1.3&amp;apos;, revision: &amp;apos;7b1ebf28ef&amp;apos;
System info: host: &amp;apos;DESKTOP-4PMJEBG&amp;apos;, ip: &amp;apos;192.168.92.88&amp;apos;, os.name: &amp;apos;Windows 10&amp;apos;, os.arch: &amp;apos;amd64&amp;apos;, os.version: &amp;apos;10.0&amp;apos;, java.version: &amp;apos;17.0.1&amp;apos;
Driver info: org.openqa.selenium.firefox.FirefoxDriver
Command: [f5a9fb29-572e-4900-a985-dd4ea4995e86, findElement {using=name, value=username}]
Capabilities {acceptInsecureCerts: true, browserName: firefox, browserVersion: 101.0, javascriptEnabled: true, moz:accessibilityChecks: false, moz:buildID: 20220526203855, moz:debuggerAddress: localhost:57644, moz:geckodriverVersion: 0.30.0, moz:headless: false, moz:processID: 38640, moz:profile: C:\Users\RAHULR~1\AppData\L..., moz:shutdownTimeout: 60000, moz:useNonSpecCompliantPointerOrigin: false, moz:webdriverClick: true, pageLoadStrategy: normal, platform: WINDOWS, platformName: WINDOWS, platformVersion: 10.0, proxy: Proxy(), se:cdp: ws://localhost:57644/devtoo..., se:cdpVersion: 85.0, setWindowRect: true, strictFileInteractability: false, timeouts: {implicit: 0, pageLoad: 300000, script: 30000}, unhandledPromptBehavior: dismiss and notify}
Session ID: f5a9fb29-572e-4900-a985-dd4ea4995e86">
      <![CDATA[org.openqa.selenium.WebDriverException: TypeError: browsingContext.currentWindowGlobal is null
Build info: version: '4.1.3', revision: '7b1ebf28ef'
System info: host: 'DESKTOP-4PMJEBG', ip: '192.168.92.88', os.name: 'Windows 10', os.arch: 'amd64', os.version: '10.0', java.version: '17.0.1'
Driver info: org.openqa.selenium.firefox.FirefoxDriver
Command: [f5a9fb29-572e-4900-a985-dd4ea4995e86, findElement {using=name, value=username}]
Capabilities {acceptInsecureCerts: true, browserName: firefox, browserVersion: 101.0, javascriptEnabled: true, moz:accessibilityChecks: false, moz:buildID: 20220526203855, moz:debuggerAddress: localhost:57644, moz:geckodriverVersion: 0.30.0, moz:headless: false, moz:processID: 38640, moz:profile: C:\Users\RAHULR~1\AppData\L..., moz:shutdownTimeout: 60000, moz:useNonSpecCompliantPointerOrigin: false, moz:webdriverClick: true, pageLoadStrategy: normal, platform: WINDOWS, platformName: WINDOWS, platformVersion: 10.0, proxy: Proxy(), se:cdp: ws://localhost:57644/devtoo..., se:cdpVersion: 85.0, setWindowRect: true, strictFileInteractability: false, timeouts: {implicit: 0, pageLoad: 300000, script: 30000}, unhandledPromptBehavior: dismiss and notify}
Session ID: f5a9fb29-572e-4900-a985-dd4ea4995e86
at org.openqa.selenium.remote.codec.w3c.W3CHttpResponseCodec.createException(W3CHttpResponseCodec.java:200)
at org.openqa.selenium.remote.codec.w3c.W3CHttpResponseCodec.decode(W3CHttpResponseCodec.java:133)
at org.openqa.selenium.remote.codec.w3c.W3CHttpResponseCodec.decode(W3CHttpResponseCodec.java:53)
at org.openqa.selenium.remote.HttpCommandExecutor.execute(HttpCommandExecutor.java:184)
at org.openqa.selenium.remote.service.DriverCommandExecutor.invokeExecute(DriverCommandExecutor.java:167)
at org.openqa.selenium.remote.service.DriverCommandExecutor.execute(DriverCommandExecutor.java:142)
at org.openqa.selenium.remote.RemoteWebDriver.execute(RemoteWebDriver.java:567)
at org.openqa.selenium.remote.ElementLocation$ElementFinder$2.findElement(ElementLocation.java:162)
at org.openqa.selenium.remote.ElementLocation.findElement(ElementLocation.java:66)
at org.openqa.selenium.remote.RemoteWebDriver.findElement(RemoteWebDriver.java:385)
at org.openqa.selenium.remote.RemoteWebDriver.findElement(RemoteWebDriver.java:377)
at testng_Flags.ParameterAnnotation.loginActitime(ParameterAnnotation.java:42)
at java.base/java.util.ArrayList.forEach(ArrayList.java:1511)
... Removed 32 stack frames]]>
    </failure>
  </testcase> <!-- loginActitime -->
</testsuite> <!-- actitmelogin -->
